<?xml version="1.0" encoding="utf-8"?><testsuite errors="0" failures="0" name="pytest" skipped="0" tests="7" time="3.666"><testcase classname="test_submit" file="test_submit.py" line="3" name="test_q1" time="0.003"><system-out>p-value q1: 0.00000
</system-out></testcase><testcase classname="test_submit" file="test_submit.py" line="8" name="test_q2" time="0.007"><system-out>p-value q2: 0.00148
</system-out></testcase><testcase classname="test_submit" file="test_submit.py" line="13" name="test_q3" time="0.008"><system-out>p-value q3: 0.00000
</system-out></testcase><testcase classname="test_submit" file="test_submit.py" line="18" name="test_q4" time="0.007"><system-out>p-value q4: 0.00000
</system-out></testcase><testcase classname="test_submit" file="test_submit.py" line="23" name="test_q5" time="0.004"><system-out>p-value q5: 0.00131
</system-out></testcase><testcase classname="test_submit" file="test_submit.py" line="28" name="test_q6" time="0.006"><system-out>p-value q6: 0.52308
</system-out></testcase><testcase classname="test_submit" file="test_submit.py" line="33" name="test_q7" time="0.006"><system-out>p-value q7: 0.00047
</system-out></testcase></testsuite>